# JRE version: Java(TM) SE Runtime Environment (8.0_66-b17) (build 1.8.0_66-b17)
# Java VM: Java HotSpot(TM) Client VM (25.66-b17 mixed mode windows-x86 )
Heap:
 def new generation   total 39424K, used 29063K [0x04800000, 0x072c0000, 0x0f2a0000)
  eden space 35072K,  77% used [0x04800000, 0x06280b98, 0x06a40000)
  from space 4352K,  44% used [0x06e80000, 0x07061140, 0x072c0000)
  to   space 4352K,   0% used [0x06a40000, 0x06a40000, 0x06e80000)
 tenured generation   total 87424K, used 30637K [0x0f2a0000, 0x14800000, 0x24800000)
   the space 87424K,  35% used [0x0f2a0000, 0x1108b4d0, 0x1108b600, 0x14800000)
 Metaspace       used 16470K, capacity 16849K, committed 16896K, reserved 17792K
GC Heap History (10 events):
Event: 2080.416 GC heap before
{Heap before GC invocations=9 (full 1):
 def new generation   total 39424K, used 37785K [0x04800000, 0x072c0000, 0x0f2a0000)
  eden space 35072K, 100% used [0x04800000, 0x06a40000, 0x06a40000)
  from space 4352K,  62% used [0x06a40000, 0x06ce6720, 0x06e80000)
  to   space 4352K,   0% used [0x06e80000, 0x06e80000, 0x072c0000)
 tenured generation   total 87424K, used 24228K [0x0f2a0000, 0x14800000, 0x24800000)
   the space 87424K,  27% used [0x0f2a0000, 0x10a491c0, 0x10a49200, 0x14800000)
 Metaspace       used 16436K, capacity 16817K, committed 16896K, reserved 17792K
Event: 2080.432 GC heap after
Heap after GC invocations=10 (full 1):
 def new generation   total 39424K, used 4352K [0x04800000, 0x072c0000, 0x0f2a0000)
  eden space 35072K,   0% used [0x04800000, 0x04800000, 0x06a40000)
  from space 4352K, 100% used [0x06e80000, 0x072c0000, 0x072c0000)
  to   space 4352K,   0% used [0x06a40000, 0x06a40000, 0x06e80000)
 tenured generation   total 87424K, used 26618K [0x0f2a0000, 0x14800000, 0x24800000)
   the space 87424K,  30% used [0x0f2a0000, 0x10c9ebe0, 0x10c9ec00, 0x14800000)
 Metaspace       used 16436K, capacity 16817K, committed 16896K, reserved 17792K
}
Event: 2424.297 GC heap before
{Heap before GC invocations=10 (full 1):
 def new generation   total 39424K, used 39424K [0x04800000, 0x072c0000, 0x0f2a0000)
  eden space 35072K, 100% used [0x04800000, 0x06a40000, 0x06a40000)
  from space 4352K, 100% used [0x06e80000, 0x072c0000, 0x072c0000)
  to   space 4352K,   0% used [0x06a40000, 0x06a40000, 0x06e80000)
 tenured generation   total 87424K, used 26618K [0x0f2a0000, 0x14800000, 0x24800000)
   the space 87424K,  30% used [0x0f2a0000, 0x10c9ebe0, 0x10c9ec00, 0x14800000)
 Metaspace       used 16470K, capacity 16849K, committed 16896K, reserved 17792K
Event: 2424.312 GC heap after
Heap after GC invocations=11 (full 1):
 def new generation   total 39424K, used 1965K [0x04800000, 0x072c0000, 0x0f2a0000)
  eden space 35072K,   0% used [0x04800000, 0x04800000, 0x06a40000)
  from space 4352K,  45% used [0x06a40000, 0x06c2b690, 0x06e80000)
  to   space 4352K,   0% used [0x06e80000, 0x06e80000, 0x072c0000)
 tenured generation   total 87424K, used 30637K [0x0f2a0000, 0x14800000, 0x24800000)
   the space 87424K,  35% used [0x0f2a0000, 0x1108b4d0, 0x1108b600, 0x14800000)
 Metaspace       used 16470K, capacity 16849K, committed 16896K, reserved 17792K
}
Event: 2568.767 GC heap before
{Heap before GC invocations=11 (full 1):
 def new generation   total 39424K, used 37037K [0x04800000, 0x072c0000, 0x0f2a0000)
  eden space 35072K, 100% used [0x04800000, 0x06a40000, 0x06a40000)
  from space 4352K,  45% used [0x06a40000, 0x06c2b690, 0x06e80000)
  to   space 4352K,   0% used [0x06e80000, 0x06e80000, 0x072c0000)
 tenured generation   total 87424K, used 30637K [0x0f2a0000, 0x14800000, 0x24800000)
   the space 87424K,  35% used [0x0f2a0000, 0x1108b4d0, 0x1108b600, 0x14800000)
 Metaspace       used 16470K, capacity 16849K, committed 16896K, reserved 17792K
Event: 2568.775 GC heap after
Heap after GC invocations=12 (full 1):
 def new generation   total 39424K, used 906K [0x04800000, 0x072c0000, 0x0f2a0000)
  eden space 35072K,   0% used [0x04800000, 0x04800000, 0x06a40000)
  from space 4352K,  20% used [0x06e80000, 0x06f62bb0, 0x072c0000)
  to   space 4352K,   0% used [0x06a40000, 0x06a40000, 0x06e80000)
 tenured generation   total 87424K, used 30637K [0x0f2a0000, 0x14800000, 0x24800000)
   the space 87424K,  35% used [0x0f2a0000, 0x1108b4d0, 0x1108b600, 0x14800000)
 Metaspace       used 16470K, capacity 16849K, committed 16896K, reserved 17792K
}
Event: 3110.833 GC heap before
{Heap before GC invocations=12 (full 1):
 def new generation   total 39424K, used 35978K [0x04800000, 0x072c0000, 0x0f2a0000)
  eden space 35072K, 100% used [0x04800000, 0x06a40000, 0x06a40000)
  from space 4352K,  20% used [0x06e80000, 0x06f62bb0, 0x072c0000)
  to   space 4352K,   0% used [0x06a40000, 0x06a40000, 0x06e80000)
 tenured generation   total 87424K, used 30637K [0x0f2a0000, 0x14800000, 0x24800000)
   the space 87424K,  35% used [0x0f2a0000, 0x1108b4d0, 0x1108b600, 0x14800000)
 Metaspace       used 16470K, capacity 16849K, committed 16896K, reserved 17792K
Event: 3110.846 GC heap after
Heap after GC invocations=13 (full 1):
 def new generation   total 39424K, used 2001K [0x04800000, 0x072c0000, 0x0f2a0000)
  eden space 35072K,   0% used [0x04800000, 0x04800000, 0x06a40000)
  from space 4352K,  45% used [0x06a40000, 0x06c344f8, 0x06e80000)
  to   space 4352K,   0% used [0x06e80000, 0x06e80000, 0x072c0000)
 tenured generation   total 87424K, used 30637K [0x0f2a0000, 0x14800000, 0x24800000)
   the space 87424K,  35% used [0x0f2a0000, 0x1108b4d0, 0x1108b600, 0x14800000)
 Metaspace       used 16470K, capacity 16849K, committed 16896K, reserved 17792K
}
Event: 3657.221 GC heap before
{Heap before GC invocations=13 (full 1):
 def new generation   total 39424K, used 37073K [0x04800000, 0x072c0000, 0x0f2a0000)
  eden space 35072K, 100% used [0x04800000, 0x06a40000, 0x06a40000)
  from space 4352K,  45% used [0x06a40000, 0x06c344f8, 0x06e80000)
  to   space 4352K,   0% used [0x06e80000, 0x06e80000, 0x072c0000)
 tenured generation   total 87424K, used 30637K [0x0f2a0000, 0x14800000, 0x24800000)
   the space 87424K,  35% used [0x0f2a0000, 0x1108b4d0, 0x1108b600, 0x14800000)
 Metaspace       used 16470K, capacity 16849K, committed 16896K, reserved 17792K
Event: 3657.233 GC heap after
Heap after GC invocations=14 (full 1):
 def new generation   total 39424K, used 1924K [0x04800000, 0x072c0000, 0x0f2a0000)
  eden space 35072K,   0% used [0x04800000, 0x04800000, 0x06a40000)
  from space 4352K,  44% used [0x06e80000, 0x07061140, 0x072c0000)
  to   space 4352K,   0% used [0x06a40000, 0x06a40000, 0x06e80000)
 tenured generation   total 87424K, used 30637K [0x0f2a0000, 0x14800000, 0x24800000)
   the space 87424K,  35% used [0x0f2a0000, 0x1108b4d0, 0x1108b600, 0x14800000)
 Metaspace       used 16470K, capacity 16849K, committed 16896K, reserved 17792K
}

